<?xml version="1.0" encoding="utf-8"?><testsuites name="pytest tests"><testsuite name="pytest" errors="0" failures="0" skipped="0" tests="7" time="10.985" timestamp="2026-04-14T16:09:18.903303-03:00" hostname="Not-Wesley"><testcase classname="tests.test_api_smoke" name="test_products_list_returns_catalog_page" time="3.005" /><testcase classname="tests.test_api_smoke" name="test_product_details_return_expected_fields" time="0.744" /><testcase classname="tests.test_api_smoke" name="test_brands_endpoint_returns_items" time="0.689" /><testcase classname="tests.test_api_smoke" name="test_categories_tree_returns_nested_structure" time="3.057" /><testcase classname="tests.test_api_smoke" name="test_login_returns_bearer_token" time="1.186" /><testcase classname="tests.test_api_smoke" name="test_users_me_returns_demo_account" time="0.721" /><testcase classname="tests.test_api_smoke" name="test_cart_can_be_created_and_read" time="1.379" /></testsuite></testsuites>