<?xml version="1.0" encoding="utf-8"?><testsuites name="pytest tests"><testsuite name="pytest" errors="0" failures="0" skipped="0" tests="4" time="5.057" timestamp="2026-04-14T16:10:00.460281-03:00" hostname="Not-Wesley"><testcase classname="tests.test_api_negative" name="test_users_me_requires_auth" time="1.924" /><testcase classname="tests.test_api_negative" name="test_login_rejects_invalid_credentials" time="0.758" /><testcase classname="tests.test_api_negative" name="test_nonexistent_product_returns_404" time="0.693" /><testcase classname="tests.test_api_negative" name="test_nonexistent_cart_returns_404" time="1.457" /></testsuite></testsuites>